Using pre-set license
Built from '2020.3/staging' branch; Version is '2020.3.11f1 (99c7afb366b3) revision 10078127'; Using compiler version '192528614'; Build Type 'Release'
OS: 'Windows 10 Home Single Language; OS build 19044.1766; Version 2009; 64bit' Language: 'pt' Physical Memory: 16226 MB
BatchMode: 1, IsHumanControllingUs: 0, StartBugReporterOnCrash: 0, Is64bit: 1, IsPro: 0

 COMMAND LINE ARGUMENTS:
C:\Program Files\Unity\Hub\Editor\2020.3.11f1\Editor\Unity.exe
-adb2
-batchMode
-noUpm
-name
AssetImportWorker1
-projectPath
C:/Users/prisc/Documents/GitHub/Kada-Gatinho/Kada-EXP7
-logFile
Logs/AssetImportWorker1.log
-srvPort
64014
Successfully changed project path to: C:/Users/prisc/Documents/GitHub/Kada-Gatinho/Kada-EXP7
C:/Users/prisc/Documents/GitHub/Kada-Gatinho/Kada-EXP7
Using Asset Import Pipeline V2.
Refreshing native plugins compatible for Editor in 62.68 ms, found 3 plugins.
Preloading 0 native plugins for Editor in 0.00 ms.
Initialize engine version: 2020.3.11f1 (99c7afb366b3)
[Subsystems] Discovering subsystems at path C:/Program Files/Unity/Hub/Editor/2020.3.11f1/Editor/Data/Resources/UnitySubsystems
[Subsystems] Discovering subsystems at path C:/Users/prisc/Documents/GitHub/Kada-Gatinho/Kada-EXP7/Assets
GfxDevice: creating device client; threaded=0
Direct3D:
    Version:  Direct3D 11.0 [level 11.1]
    Renderer: NVIDIA GeForce GTX 1050 (ID=0x1c8d)
    Vendor:   
    VRAM:     4019 MB
    Driver:   30.0.15.1215
Shader 'Universal Render Pipeline/Particles/Lit': fallback shader 'Universal Render Pipeline/Particles/SimpleLit' not found
Initialize mono
Mono path[0] = 'C:/Program Files/Unity/Hub/Editor/2020.3.11f1/Editor/Data/Managed'
Mono path[1] = 'C:/Program Files/Unity/Hub/Editor/2020.3.11f1/Editor/Data/MonoBleedingEdge/lib/mono/unityjit'
Mono config path = 'C:/Program Files/Unity/Hub/Editor/2020.3.11f1/Editor/Data/MonoBleedingEdge/etc'
Using monoOptions --debugger-agent=transport=dt_socket,embedding=1,server=y,suspend=n,address=127.0.0.1:56756
Begin MonoManager ReloadAssembly
Registering precompiled unity dll's ...
Register platform support module: C:/Program Files/Unity/Hub/Editor/2020.3.11f1/Editor/Data/PlaybackEngines/WebGLSupport/UnityEditor.WebGL.Extensions.dll
Register platform support module: C:/Program Files/Unity/Hub/Editor/2020.3.11f1/Editor/Data/PlaybackEngines/WindowsStandaloneSupport/UnityEditor.WindowsStandalone.Extensions.dll
Registered in 0.001854 seconds.
Native extension for WindowsStandalone target not found
Native extension for WebGL target not found
Refreshing native plugins compatible for Editor in 58.53 ms, found 3 plugins.
Preloading 0 native plugins for Editor in 0.00 ms.
Mono: successfully reloaded assembly
- Completed reload, in  1.727 seconds
Platform modules already initialized, skipping
Registering precompiled user dll's ...
Registered in 0.006655 seconds.
Begin MonoManager ReloadAssembly
Native extension for WindowsStandalone target not found
Native extension for WebGL target not found
Refreshing native plugins compatible for Editor in 62.92 ms, found 3 plugins.
Preloading 0 native plugins for Editor in 0.00 ms.
Mono: successfully reloaded assembly
- Completed reload, in  3.314 seconds
Platform modules already initialized, skipping
========================================================================
Worker process is ready to serve import requests
Shader 'Universal Render Pipeline/Particles/Lit': fallback shader 'Universal Render Pipeline/Particles/SimpleLit' not found
Launched and connected shader compiler UnityShaderCompiler.exe after 0.04 seconds
Refreshing native plugins compatible for Editor in 0.80 ms, found 3 plugins.
Preloading 0 native plugins for Editor in 0.00 ms.
Unloading 3348 Unused Serialized files (Serialized files now loaded: 0)
System memory in use before: 144.7 MB.
System memory in use after: 144.9 MB.

Unloading 39 unused Assets to reduce memory usage. Loaded Objects now: 3791.
Total: 2.905600 ms (FindLiveObjects: 0.267000 ms CreateObjectMapping: 0.151100 ms MarkObjects: 2.370700 ms  DeleteObjects: 0.115700 ms)

========================================================================
Received Import Request.
  path: Assets/Sprites/Cenario
  artifactKey: Guid(cb7dc78485ec03541af4e8a6fee91034) Importer(815301076,1909f56bfc062723c751e8b465ee728b)
Start importing Assets/Sprites/Cenario using Guid(cb7dc78485ec03541af4e8a6fee91034) Importer(815301076,1909f56bfc062723c751e8b465ee728b)  -> (artifact id: '117d5bd120af181b22506cefce009123') in 0.026121 seconds
  Import took 0.031308 seconds .

========================================================================
Received Import Request.
  Time since last request: 77.883452 seconds.
  path: Assets/Sprites
  artifactKey: Guid(b78948765d0d27e4d86a39d53aad4411) Importer(815301076,1909f56bfc062723c751e8b465ee728b)
Start importing Assets/Sprites using Guid(b78948765d0d27e4d86a39d53aad4411) Importer(815301076,1909f56bfc062723c751e8b465ee728b)  -> (artifact id: '47c1fa5b8a75c40d6631c31d8ce62921') in 0.032001 seconds
  Import took 0.037875 seconds .

========================================================================
Received Import Request.
  Time since last request: 4.631458 seconds.
  path: Assets/Animations/UI/Menu
  artifactKey: Guid(53c13a9f651868a47bc8d035456ea79e) Importer(815301076,1909f56bfc062723c751e8b465ee728b)
Start importing Assets/Animations/UI/Menu using Guid(53c13a9f651868a47bc8d035456ea79e) Importer(815301076,1909f56bfc062723c751e8b465ee728b)  -> (artifact id: 'd4eff95187ef5a60af39021213b361b9') in 0.008715 seconds
  Import took 0.015395 seconds .

========================================================================
Received Import Request.
  Time since last request: 7.665708 seconds.
  path: Assets/Sprites/Menu
  artifactKey: Guid(96d863b0171550e4292e3a458d987527) Importer(815301076,1909f56bfc062723c751e8b465ee728b)
Start importing Assets/Sprites/Menu using Guid(96d863b0171550e4292e3a458d987527) Importer(815301076,1909f56bfc062723c751e8b465ee728b)  -> (artifact id: '5625af31ea3964b73a34b798c051a0dc') in 0.004694 seconds
  Import took 0.010760 seconds .

========================================================================
Received Import Request.
  Time since last request: 4.563655 seconds.
  path: Assets/Sprites/Menu/kellasLogo.png
  artifactKey: Guid(de50f31ec49b56f47a99e69b7b65cf82) Importer(815301076,1909f56bfc062723c751e8b465ee728b)
Start importing Assets/Sprites/Menu/kellasLogo.png using Guid(de50f31ec49b56f47a99e69b7b65cf82) Importer(815301076,1909f56bfc062723c751e8b465ee728b)  -> (artifact id: '81a83b79bea30d91d0f934064787b334') in 0.202497 seconds
  Import took 0.207993 seconds .

========================================================================
Received Import Request.
  Time since last request: 0.003926 seconds.
  path: Assets/Sprites/Menu/kellasLogo.png
  artifactKey: Guid(de50f31ec49b56f47a99e69b7b65cf82) Importer(815301076,1909f56bfc062723c751e8b465ee728b)
Start importing Assets/Sprites/Menu/kellasLogo.png using Guid(de50f31ec49b56f47a99e69b7b65cf82) Importer(815301076,1909f56bfc062723c751e8b465ee728b)  -> (artifact id: '81a83b79bea30d91d0f934064787b334') in 0.019165 seconds
  Import took 0.024506 seconds .

========================================================================
Received Import Request.
  Time since last request: 11.677427 seconds.
  path: Assets/Sprites/Telas
  artifactKey: Guid(96d863b0171550e4292e3a458d987527) Importer(815301076,1909f56bfc062723c751e8b465ee728b)
Start importing Assets/Sprites/Telas using Guid(96d863b0171550e4292e3a458d987527) Importer(815301076,1909f56bfc062723c751e8b465ee728b)  -> (artifact id: '43809743d11ec70cafbc5cf10bf524d3') in 0.007789 seconds
  Import took 0.014616 seconds .

========================================================================
Received Import Request.
  Time since last request: 73.652995 seconds.
  path: Assets/Scripts/Trees
  artifactKey: Guid(4766da1bb856e0c4bbe87545e36b84fc) Importer(815301076,1909f56bfc062723c751e8b465ee728b)
Start importing Assets/Scripts/Trees using Guid(4766da1bb856e0c4bbe87545e36b84fc) Importer(815301076,1909f56bfc062723c751e8b465ee728b)  -> (artifact id: '08469d6d531c9931f1d3b1618c650299') in 0.007114 seconds
  Import took 0.014629 seconds .

AssetImportWorkerClient::OnTransportError - code=2 error=End of file
